Grammar

    0 $accept: Program $end

    1 Program: ExtDefList

    2 ExtDefList: ExtDef ExtDefList
    3           | %empty

    4 ExtDef: Specifier ExtDecList SEMI
    5       | Specifier SEMI
    6       | Specifier FunDec CompSt
    7       | Specifier error SEMI
    8       | Specifier error
    9       | Specifier ExtDecList error

   10 ExtDecList: VarDec
   11           | VarDec COMMA ExtDecList
   12           | error COMMA ExtDecList
   13           | VarDec COMMA error

   14 Specifier: TYPE
   15          | StructSpecifier

   16 StructSpecifier: STRUCT OptTag LC DefList RC
   17                | STRUCT Tag
   18                | STRUCT OptTag LC error RC

   19 OptTag: ID
   20       | %empty

   21 Tag: ID

   22 VarDec: ID
   23       | VarDec LB INT RB

   24 FunDec: ID LP VarList RP
   25       | ID LP RP
   26       | ID LP error RP

   27 VarList: ParamDec COMMA VarList
   28        | ParamDec

   29 ParamDec: Specifier VarDec

   30 CompSt: LC DefList StmtList RC

   31 StmtList: Stmt StmtList
   32         | %empty

   33 Stmt: Exp SEMI
   34     | CompSt
   35     | RETURN Exp SEMI
   36     | IF LP Exp RP Stmt
   37     | IF LP Exp RP Stmt ELSE Stmt
   38     | WHILE LP Exp RP Stmt
   39     | error SEMI
   40     | Exp error
   41     | RETURN Exp error
   42     | IF LP error RP Stmt
   43     | IF LP error RP Stmt ELSE Stmt
   44     | WHILE LP error RP Stmt

   45 DefList: Def DefList
   46        | %empty

   47 Def: Specifier DecList SEMI
   48    | Specifier error SEMI
   49    | Specifier DecList error

   50 DecList: Dec
   51        | Dec COMMA DecList

   52 Dec: VarDec
   53    | VarDec ASSIGNOP Exp

   54 Exp: Exp ASSIGNOP Exp
   55    | Exp AND Exp
   56    | Exp OR Exp
   57    | Exp RELOP Exp
   58    | Exp PLUS Exp
   59    | Exp MINUS Exp
   60    | Exp STAR Exp
   61    | Exp DIV Exp
   62    | LP Exp RP
   63    | MINUS Exp
   64    | NOT Exp
   65    | ID LP Args RP
   66    | ID LP RP
   67    | Exp LB Exp RB
   68    | Exp DOT ID
   69    | ID
   70    | INT
   71    | FLOAT
   72    | ID LP error RP

   73 Args: Exp COMMA Args
   74     | Exp


Terminals, with rules where they appear

$end (0) 0
error (256) 7 8 9 12 13 18 26 39 40 41 42 43 44 48 49 72
INT (258) 23 70
FLOAT (259) 71
PLUS (260) 58
MINUS (261) 59 63
STAR (262) 60
DIV (263) 61
AND (264) 55
OR (265) 56
NOT (266) 64
LP (267) 24 25 26 36 37 38 42 43 44 62 65 66 72
RP (268) 24 25 26 36 37 38 42 43 44 62 65 66 72
LB (269) 23 67
RB (270) 23 67
LC (271) 16 18 30
RC (272) 16 18 30
STRUCT (273) 16 17 18
RETURN (274) 35 41
IF (275) 36 37 42 43
ELSE (276) 37 43
WHILE (277) 38 44
ID (278) 19 21 22 24 25 26 65 66 68 69 72
ASSIGNOP (279) 53 54
RELOP (280) 57
DOT (281) 68
TYPE (282) 14
SEMI (283) 4 5 7 33 35 39 47 48
COMMA (284) 11 12 13 27 51 73
LOWER_THAN_ELSE (285)


Nonterminals, with rules where they appear

$accept (31)
    on left: 0
Program (32)
    on left: 1, on right: 0
ExtDefList (33)
    on left: 2 3, on right: 1 2
ExtDef (34)
    on left: 4 5 6 7 8 9, on right: 2
ExtDecList (35)
    on left: 10 11 12 13, on right: 4 9 11 12
Specifier (36)
    on left: 14 15, on right: 4 5 6 7 8 9 29 47 48 49
StructSpecifier (37)
    on left: 16 17 18, on right: 15
OptTag (38)
    on left: 19 20, on right: 16 18
Tag (39)
    on left: 21, on right: 17
VarDec (40)
    on left: 22 23, on right: 10 11 13 23 29 52 53
FunDec (41)
    on left: 24 25 26, on right: 6
VarList (42)
    on left: 27 28, on right: 24 27
ParamDec (43)
    on left: 29, on right: 27 28
CompSt (44)
    on left: 30, on right: 6 34
StmtList (45)
    on left: 31 32, on right: 30 31
Stmt (46)
    on left: 33 34 35 36 37 38 39 40 41 42 43 44, on right: 31 36 37
    38 42 43 44
DefList (47)
    on left: 45 46, on right: 16 30 45
Def (48)
    on left: 47 48 49, on right: 45
DecList (49)
    on left: 50 51, on right: 47 49 51
Dec (50)
    on left: 52 53, on right: 50 51
Exp (51)
    on left: 54 55 56 57 58 59 60 61 62 63 64 65 66 67 68 69 70 71
    72, on right: 33 35 36 37 38 40 41 53 54 55 56 57 58 59 60 61 62
    63 64 67 68 73 74
Args (52)
    on left: 73 74, on right: 65 73


State 0

    0 $accept: . Program $end

    STRUCT  shift, and go to state 1
    TYPE    shift, and go to state 2

    $default  reduce using rule 3 (ExtDefList)

    Program          go to state 3
    ExtDefList       go to state 4
    ExtDef           go to state 5
    Specifier        go to state 6
    StructSpecifier  go to state 7


State 1

   16 StructSpecifier: STRUCT . OptTag LC DefList RC
   17                | STRUCT . Tag
   18                | STRUCT . OptTag LC error RC

    ID  shift, and go to state 8

    $default  reduce using rule 20 (OptTag)

    OptTag  go to state 9
    Tag     go to state 10


State 2

   14 Specifier: TYPE .

    $default  reduce using rule 14 (Specifier)


State 3

    0 $accept: Program . $end

    $end  shift, and go to state 11


State 4

    1 Program: ExtDefList .

    $default  reduce using rule 1 (Program)


State 5

    2 ExtDefList: ExtDef . ExtDefList

    STRUCT  shift, and go to state 1
    TYPE    shift, and go to state 2

    $default  reduce using rule 3 (ExtDefList)

    ExtDefList       go to state 12
    ExtDef           go to state 5
    Specifier        go to state 6
    StructSpecifier  go to state 7


State 6

    4 ExtDef: Specifier . ExtDecList SEMI
    5       | Specifier . SEMI
    6       | Specifier . FunDec CompSt
    7       | Specifier . error SEMI
    8       | Specifier . error
    9       | Specifier . ExtDecList error

    error  shift, and go to state 13
    ID     shift, and go to state 14
    SEMI   shift, and go to state 15

    ExtDecList  go to state 16
    VarDec      go to state 17
    FunDec      go to state 18


State 7

   15 Specifier: StructSpecifier .

    $default  reduce using rule 15 (Specifier)


State 8

   19 OptTag: ID .
   21 Tag: ID .

    LC        reduce using rule 19 (OptTag)
    $default  reduce using rule 21 (Tag)


State 9

   16 StructSpecifier: STRUCT OptTag . LC DefList RC
   18                | STRUCT OptTag . LC error RC

    LC  shift, and go to state 19


State 10

   17 StructSpecifier: STRUCT Tag .

    $default  reduce using rule 17 (StructSpecifier)


State 11

    0 $accept: Program $end .

    $default  accept


State 12

    2 ExtDefList: ExtDef ExtDefList .

    $default  reduce using rule 2 (ExtDefList)


State 13

    7 ExtDef: Specifier error . SEMI
    8       | Specifier error .
   12 ExtDecList: error . COMMA ExtDecList

    SEMI   shift, and go to state 20
    COMMA  shift, and go to state 21

    $default  reduce using rule 8 (ExtDef)


State 14

   22 VarDec: ID .
   24 FunDec: ID . LP VarList RP
   25       | ID . LP RP
   26       | ID . LP error RP

    LP  shift, and go to state 22

    $default  reduce using rule 22 (VarDec)


State 15

    5 ExtDef: Specifier SEMI .

    $default  reduce using rule 5 (ExtDef)


State 16

    4 ExtDef: Specifier ExtDecList . SEMI
    9       | Specifier ExtDecList . error

    error  shift, and go to state 23
    SEMI   shift, and go to state 24


State 17

   10 ExtDecList: VarDec .
   11           | VarDec . COMMA ExtDecList
   13           | VarDec . COMMA error
   23 VarDec: VarDec . LB INT RB

    LB     shift, and go to state 25
    COMMA  shift, and go to state 26

    $default  reduce using rule 10 (ExtDecList)


State 18

    6 ExtDef: Specifier FunDec . CompSt

    LC  shift, and go to state 27

    CompSt  go to state 28


State 19

   16 StructSpecifier: STRUCT OptTag LC . DefList RC
   18                | STRUCT OptTag LC . error RC

    error   shift, and go to state 29
    STRUCT  shift, and go to state 1
    TYPE    shift, and go to state 2

    RC  reduce using rule 46 (DefList)

    Specifier        go to state 30
    StructSpecifier  go to state 7
    DefList          go to state 31
    Def              go to state 32


State 20

    7 ExtDef: Specifier error SEMI .

    $default  reduce using rule 7 (ExtDef)


State 21

   12 ExtDecList: error COMMA . ExtDecList

    error  shift, and go to state 33
    ID     shift, and go to state 34

    ExtDecList  go to state 35
    VarDec      go to state 17


State 22

   24 FunDec: ID LP . VarList RP
   25       | ID LP . RP
   26       | ID LP . error RP

    error   shift, and go to state 36
    RP      shift, and go to state 37
    STRUCT  shift, and go to state 1
    TYPE    shift, and go to state 2

    Specifier        go to state 38
    StructSpecifier  go to state 7
    VarList          go to state 39
    ParamDec         go to state 40


State 23

    9 ExtDef: Specifier ExtDecList error .

    $default  reduce using rule 9 (ExtDef)


State 24

    4 ExtDef: Specifier ExtDecList SEMI .

    $default  reduce using rule 4 (ExtDef)


State 25

   23 VarDec: VarDec LB . INT RB

    INT  shift, and go to state 41


State 26

   11 ExtDecList: VarDec COMMA . ExtDecList
   13           | VarDec COMMA . error

    error  shift, and go to state 42
    ID     shift, and go to state 34

    ExtDecList  go to state 43
    VarDec      go to state 17


State 27

   30 CompSt: LC . DefList StmtList RC

    STRUCT  shift, and go to state 1
    TYPE    shift, and go to state 2

    $default  reduce using rule 46 (DefList)

    Specifier        go to state 30
    StructSpecifier  go to state 7
    DefList          go to state 44
    Def              go to state 32


State 28

    6 ExtDef: Specifier FunDec CompSt .

    $default  reduce using rule 6 (ExtDef)


State 29

   18 StructSpecifier: STRUCT OptTag LC error . RC

    RC  shift, and go to state 45


State 30

   47 Def: Specifier . DecList SEMI
   48    | Specifier . error SEMI
   49    | Specifier . DecList error

    error  shift, and go to state 46
    ID     shift, and go to state 34

    VarDec   go to state 47
    DecList  go to state 48
    Dec      go to state 49


State 31

   16 StructSpecifier: STRUCT OptTag LC DefList . RC

    RC  shift, and go to state 50


State 32

   45 DefList: Def . DefList

    STRUCT  shift, and go to state 1
    TYPE    shift, and go to state 2

    $default  reduce using rule 46 (DefList)

    Specifier        go to state 30
    StructSpecifier  go to state 7
    DefList          go to state 51
    Def              go to state 32


State 33

   12 ExtDecList: error . COMMA ExtDecList

    COMMA  shift, and go to state 21


State 34

   22 VarDec: ID .

    $default  reduce using rule 22 (VarDec)


State 35

   12 ExtDecList: error COMMA ExtDecList .

    $default  reduce using rule 12 (ExtDecList)


State 36

   26 FunDec: ID LP error . RP

    RP  shift, and go to state 52


State 37

   25 FunDec: ID LP RP .

    $default  reduce using rule 25 (FunDec)


State 38

   29 ParamDec: Specifier . VarDec

    ID  shift, and go to state 34

    VarDec  go to state 53


State 39

   24 FunDec: ID LP VarList . RP

    RP  shift, and go to state 54


State 40

   27 VarList: ParamDec . COMMA VarList
   28        | ParamDec .

    COMMA  shift, and go to state 55

    $default  reduce using rule 28 (VarList)


State 41

   23 VarDec: VarDec LB INT . RB

    RB  shift, and go to state 56


State 42

   12 ExtDecList: error . COMMA ExtDecList
   13           | VarDec COMMA error .

    COMMA  shift, and go to state 21

    $default  reduce using rule 13 (ExtDecList)


State 43

   11 ExtDecList: VarDec COMMA ExtDecList .

    $default  reduce using rule 11 (ExtDecList)


State 44

   30 CompSt: LC DefList . StmtList RC

    error   shift, and go to state 57
    INT     shift, and go to state 58
    FLOAT   shift, and go to state 59
    MINUS   shift, and go to state 60
    NOT     shift, and go to state 61
    LP      shift, and go to state 62
    LC      shift, and go to state 27
    RETURN  shift, and go to state 63
    IF      shift, and go to state 64
    WHILE   shift, and go to state 65
    ID      shift, and go to state 66

    RC  reduce using rule 32 (StmtList)

    CompSt    go to state 67
    StmtList  go to state 68
    Stmt      go to state 69
    Exp       go to state 70


State 45

   18 StructSpecifier: STRUCT OptTag LC error RC .

    $default  reduce using rule 18 (StructSpecifier)


State 46

   48 Def: Specifier error . SEMI

    SEMI  shift, and go to state 71


State 47

   23 VarDec: VarDec . LB INT RB
   52 Dec: VarDec .
   53    | VarDec . ASSIGNOP Exp

    LB        shift, and go to state 25
    ASSIGNOP  shift, and go to state 72

    $default  reduce using rule 52 (Dec)


State 48

   47 Def: Specifier DecList . SEMI
   49    | Specifier DecList . error

    error  shift, and go to state 73
    SEMI   shift, and go to state 74


State 49

   50 DecList: Dec .
   51        | Dec . COMMA DecList

    COMMA  shift, and go to state 75

    $default  reduce using rule 50 (DecList)


State 50

   16 StructSpecifier: STRUCT OptTag LC DefList RC .

    $default  reduce using rule 16 (StructSpecifier)


State 51

   45 DefList: Def DefList .

    $default  reduce using rule 45 (DefList)


State 52

   26 FunDec: ID LP error RP .

    $default  reduce using rule 26 (FunDec)


State 53

   23 VarDec: VarDec . LB INT RB
   29 ParamDec: Specifier VarDec .

    LB  shift, and go to state 25

    $default  reduce using rule 29 (ParamDec)


State 54

   24 FunDec: ID LP VarList RP .

    $default  reduce using rule 24 (FunDec)


State 55

   27 VarList: ParamDec COMMA . VarList

    STRUCT  shift, and go to state 1
    TYPE    shift, and go to state 2

    Specifier        go to state 38
    StructSpecifier  go to state 7
    VarList          go to state 76
    ParamDec         go to state 40


State 56

   23 VarDec: VarDec LB INT RB .

    $default  reduce using rule 23 (VarDec)


State 57

   39 Stmt: error . SEMI

    SEMI  shift, and go to state 77


State 58

   70 Exp: INT .

    $default  reduce using rule 70 (Exp)


State 59

   71 Exp: FLOAT .

    $default  reduce using rule 71 (Exp)


State 60

   63 Exp: MINUS . Exp

    INT    shift, and go to state 58
    FLOAT  shift, and go to state 59
    MINUS  shift, and go to state 60
    NOT    shift, and go to state 61
    LP     shift, and go to state 62
    ID     shift, and go to state 66

    Exp  go to state 78


State 61

   64 Exp: NOT . Exp

    INT    shift, and go to state 58
    FLOAT  shift, and go to state 59
    MINUS  shift, and go to state 60
    NOT    shift, and go to state 61
    LP     shift, and go to state 62
    ID     shift, and go to state 66

    Exp  go to state 79


State 62

   62 Exp: LP . Exp RP

    INT    shift, and go to state 58
    FLOAT  shift, and go to state 59
    MINUS  shift, and go to state 60
    NOT    shift, and go to state 61
    LP     shift, and go to state 62
    ID     shift, and go to state 66

    Exp  go to state 80


State 63

   35 Stmt: RETURN . Exp SEMI
   41     | RETURN . Exp error

    INT    shift, and go to state 58
    FLOAT  shift, and go to state 59
    MINUS  shift, and go to state 60
    NOT    shift, and go to state 61
    LP     shift, and go to state 62
    ID     shift, and go to state 66

    Exp  go to state 81


State 64

   36 Stmt: IF . LP Exp RP Stmt
   37     | IF . LP Exp RP Stmt ELSE Stmt
   42     | IF . LP error RP Stmt
   43     | IF . LP error RP Stmt ELSE Stmt

    LP  shift, and go to state 82


State 65

   38 Stmt: WHILE . LP Exp RP Stmt
   44     | WHILE . LP error RP Stmt

    LP  shift, and go to state 83


State 66

   65 Exp: ID . LP Args RP
   66    | ID . LP RP
   69    | ID .
   72    | ID . LP error RP

    LP  shift, and go to state 84

    $default  reduce using rule 69 (Exp)


State 67

   34 Stmt: CompSt .

    $default  reduce using rule 34 (Stmt)


State 68

   30 CompSt: LC DefList StmtList . RC

    RC  shift, and go to state 85


State 69

   31 StmtList: Stmt . StmtList

    error   shift, and go to state 57
    INT     shift, and go to state 58
    FLOAT   shift, and go to state 59
    MINUS   shift, and go to state 60
    NOT     shift, and go to state 61
    LP      shift, and go to state 62
    LC      shift, and go to state 27
    RETURN  shift, and go to state 63
    IF      shift, and go to state 64
    WHILE   shift, and go to state 65
    ID      shift, and go to state 66

    RC  reduce using rule 32 (StmtList)

    CompSt    go to state 67
    StmtList  go to state 86
    Stmt      go to state 69
    Exp       go to state 70


State 70

   33 Stmt: Exp . SEMI
   40     | Exp . error
   54 Exp: Exp . ASSIGNOP Exp
   55    | Exp . AND Exp
   56    | Exp . OR Exp
   57    | Exp . RELOP Exp
   58    | Exp . PLUS Exp
   59    | Exp . MINUS Exp
   60    | Exp . STAR Exp
   61    | Exp . DIV Exp
   67    | Exp . LB Exp RB
   68    | Exp . DOT ID

    error     shift, and go to state 87
    PLUS      shift, and go to state 88
    MINUS     shift, and go to state 89
    STAR      shift, and go to state 90
    DIV       shift, and go to state 91
    AND       shift, and go to state 92
    OR        shift, and go to state 93
    LB        shift, and go to state 94
    ASSIGNOP  shift, and go to state 95
    RELOP     shift, and go to state 96
    DOT       shift, and go to state 97
    SEMI      shift, and go to state 98


State 71

   48 Def: Specifier error SEMI .

    $default  reduce using rule 48 (Def)


State 72

   53 Dec: VarDec ASSIGNOP . Exp

    INT    shift, and go to state 58
    FLOAT  shift, and go to state 59
    MINUS  shift, and go to state 60
    NOT    shift, and go to state 61
    LP     shift, and go to state 62
    ID     shift, and go to state 66

    Exp  go to state 99


State 73

   49 Def: Specifier DecList error .

    $default  reduce using rule 49 (Def)


State 74

   47 Def: Specifier DecList SEMI .

    $default  reduce using rule 47 (Def)


State 75

   51 DecList: Dec COMMA . DecList

    ID  shift, and go to state 34

    VarDec   go to state 47
    DecList  go to state 100
    Dec      go to state 49


State 76

   27 VarList: ParamDec COMMA VarList .

    $default  reduce using rule 27 (VarList)


State 77

   39 Stmt: error SEMI .

    $default  reduce using rule 39 (Stmt)


State 78

   54 Exp: Exp . ASSIGNOP Exp
   55    | Exp . AND Exp
   56    | Exp . OR Exp
   57    | Exp . RELOP Exp
   58    | Exp . PLUS Exp
   59    | Exp . MINUS Exp
   60    | Exp . STAR Exp
   61    | Exp . DIV Exp
   63    | MINUS Exp .
   67    | Exp . LB Exp RB
   68    | Exp . DOT ID

    STAR  shift, and go to state 90
    DIV   shift, and go to state 91
    LB    shift, and go to state 94
    DOT   shift, and go to state 97

    $default  reduce using rule 63 (Exp)


State 79

   54 Exp: Exp . ASSIGNOP Exp
   55    | Exp . AND Exp
   56    | Exp . OR Exp
   57    | Exp . RELOP Exp
   58    | Exp . PLUS Exp
   59    | Exp . MINUS Exp
   60    | Exp . STAR Exp
   61    | Exp . DIV Exp
   64    | NOT Exp .
   67    | Exp . LB Exp RB
   68    | Exp . DOT ID

    LB   shift, and go to state 94
    DOT  shift, and go to state 97

    $default  reduce using rule 64 (Exp)


State 80

   54 Exp: Exp . ASSIGNOP Exp
   55    | Exp . AND Exp
   56    | Exp . OR Exp
   57    | Exp . RELOP Exp
   58    | Exp . PLUS Exp
   59    | Exp . MINUS Exp
   60    | Exp . STAR Exp
   61    | Exp . DIV Exp
   62    | LP Exp . RP
   67    | Exp . LB Exp RB
   68    | Exp . DOT ID

    PLUS      shift, and go to state 88
    MINUS     shift, and go to state 89
    STAR      shift, and go to state 90
    DIV       shift, and go to state 91
    AND       shift, and go to state 92
    OR        shift, and go to state 93
    RP        shift, and go to state 101
    LB        shift, and go to state 94
    ASSIGNOP  shift, and go to state 95
    RELOP     shift, and go to state 96
    DOT       shift, and go to state 97


State 81

   35 Stmt: RETURN Exp . SEMI
   41     | RETURN Exp . error
   54 Exp: Exp . ASSIGNOP Exp
   55    | Exp . AND Exp
   56    | Exp . OR Exp
   57    | Exp . RELOP Exp
   58    | Exp . PLUS Exp
   59    | Exp . MINUS Exp
   60    | Exp . STAR Exp
   61    | Exp . DIV Exp
   67    | Exp . LB Exp RB
   68    | Exp . DOT ID

    error     shift, and go to state 102
    PLUS      shift, and go to state 88
    MINUS     shift, and go to state 89
    STAR      shift, and go to state 90
    DIV       shift, and go to state 91
    AND       shift, and go to state 92
    OR        shift, and go to state 93
    LB        shift, and go to state 94
    ASSIGNOP  shift, and go to state 95
    RELOP     shift, and go to state 96
    DOT       shift, and go to state 97
    SEMI      shift, and go to state 103


State 82

   36 Stmt: IF LP . Exp RP Stmt
   37     | IF LP . Exp RP Stmt ELSE Stmt
   42     | IF LP . error RP Stmt
   43     | IF LP . error RP Stmt ELSE Stmt

    error  shift, and go to state 104
    INT    shift, and go to state 58
    FLOAT  shift, and go to state 59
    MINUS  shift, and go to state 60
    NOT    shift, and go to state 61
    LP     shift, and go to state 62
    ID     shift, and go to state 66

    Exp  go to state 105


State 83

   38 Stmt: WHILE LP . Exp RP Stmt
   44     | WHILE LP . error RP Stmt

    error  shift, and go to state 106
    INT    shift, and go to state 58
    FLOAT  shift, and go to state 59
    MINUS  shift, and go to state 60
    NOT    shift, and go to state 61
    LP     shift, and go to state 62
    ID     shift, and go to state 66

    Exp  go to state 107


State 84

   65 Exp: ID LP . Args RP
   66    | ID LP . RP
   72    | ID LP . error RP

    error  shift, and go to state 108
    INT    shift, and go to state 58
    FLOAT  shift, and go to state 59
    MINUS  shift, and go to state 60
    NOT    shift, and go to state 61
    LP     shift, and go to state 62
    RP     shift, and go to state 109
    ID     shift, and go to state 66

    Exp   go to state 110
    Args  go to state 111


State 85

   30 CompSt: LC DefList StmtList RC .

    $default  reduce using rule 30 (CompSt)


State 86

   31 StmtList: Stmt StmtList .

    $default  reduce using rule 31 (StmtList)


State 87

   40 Stmt: Exp error .

    $default  reduce using rule 40 (Stmt)


State 88

   58 Exp: Exp PLUS . Exp

    INT    shift, and go to state 58
    FLOAT  shift, and go to state 59
    MINUS  shift, and go to state 60
    NOT    shift, and go to state 61
    LP     shift, and go to state 62
    ID     shift, and go to state 66

    Exp  go to state 112


State 89

   59 Exp: Exp MINUS . Exp

    INT    shift, and go to state 58
    FLOAT  shift, and go to state 59
    MINUS  shift, and go to state 60
    NOT    shift, and go to state 61
    LP     shift, and go to state 62
    ID     shift, and go to state 66

    Exp  go to state 113


State 90

   60 Exp: Exp STAR . Exp

    INT    shift, and go to state 58
    FLOAT  shift, and go to state 59
    MINUS  shift, and go to state 60
    NOT    shift, and go to state 61
    LP     shift, and go to state 62
    ID     shift, and go to state 66

    Exp  go to state 114


State 91

   61 Exp: Exp DIV . Exp

    INT    shift, and go to state 58
    FLOAT  shift, and go to state 59
    MINUS  shift, and go to state 60
    NOT    shift, and go to state 61
    LP     shift, and go to state 62
    ID     shift, and go to state 66

    Exp  go to state 115


State 92

   55 Exp: Exp AND . Exp

    INT    shift, and go to state 58
    FLOAT  shift, and go to state 59
    MINUS  shift, and go to state 60
    NOT    shift, and go to state 61
    LP     shift, and go to state 62
    ID     shift, and go to state 66

    Exp  go to state 116


State 93

   56 Exp: Exp OR . Exp

    INT    shift, and go to state 58
    FLOAT  shift, and go to state 59
    MINUS  shift, and go to state 60
    NOT    shift, and go to state 61
    LP     shift, and go to state 62
    ID     shift, and go to state 66

    Exp  go to state 117


State 94

   67 Exp: Exp LB . Exp RB

    INT    shift, and go to state 58
    FLOAT  shift, and go to state 59
    MINUS  shift, and go to state 60
    NOT    shift, and go to state 61
    LP     shift, and go to state 62
    ID     shift, and go to state 66

    Exp  go to state 118


State 95

   54 Exp: Exp ASSIGNOP . Exp

    INT    shift, and go to state 58
    FLOAT  shift, and go to state 59
    MINUS  shift, and go to state 60
    NOT    shift, and go to state 61
    LP     shift, and go to state 62
    ID     shift, and go to state 66

    Exp  go to state 119


State 96

   57 Exp: Exp RELOP . Exp

    INT    shift, and go to state 58
    FLOAT  shift, and go to state 59
    MINUS  shift, and go to state 60
    NOT    shift, and go to state 61
    LP     shift, and go to state 62
    ID     shift, and go to state 66

    Exp  go to state 120


State 97

   68 Exp: Exp DOT . ID

    ID  shift, and go to state 121


State 98

   33 Stmt: Exp SEMI .

    $default  reduce using rule 33 (Stmt)


State 99

   53 Dec: VarDec ASSIGNOP Exp .
   54 Exp: Exp . ASSIGNOP Exp
   55    | Exp . AND Exp
   56    | Exp . OR Exp
   57    | Exp . RELOP Exp
   58    | Exp . PLUS Exp
   59    | Exp . MINUS Exp
   60    | Exp . STAR Exp
   61    | Exp . DIV Exp
   67    | Exp . LB Exp RB
   68    | Exp . DOT ID

    PLUS      shift, and go to state 88
    MINUS     shift, and go to state 89
    STAR      shift, and go to state 90
    DIV       shift, and go to state 91
    AND       shift, and go to state 92
    OR        shift, and go to state 93
    LB        shift, and go to state 94
    ASSIGNOP  shift, and go to state 95
    RELOP     shift, and go to state 96
    DOT       shift, and go to state 97

    $default  reduce using rule 53 (Dec)


State 100

   51 DecList: Dec COMMA DecList .

    $default  reduce using rule 51 (DecList)


State 101

   62 Exp: LP Exp RP .

    $default  reduce using rule 62 (Exp)


State 102

   41 Stmt: RETURN Exp error .

    $default  reduce using rule 41 (Stmt)


State 103

   35 Stmt: RETURN Exp SEMI .

    $default  reduce using rule 35 (Stmt)


State 104

   42 Stmt: IF LP error . RP Stmt
   43     | IF LP error . RP Stmt ELSE Stmt

    RP  shift, and go to state 122


State 105

   36 Stmt: IF LP Exp . RP Stmt
   37     | IF LP Exp . RP Stmt ELSE Stmt
   54 Exp: Exp . ASSIGNOP Exp
   55    | Exp . AND Exp
   56    | Exp . OR Exp
   57    | Exp . RELOP Exp
   58    | Exp . PLUS Exp
   59    | Exp . MINUS Exp
   60    | Exp . STAR Exp
   61    | Exp . DIV Exp
   67    | Exp . LB Exp RB
   68    | Exp . DOT ID

    PLUS      shift, and go to state 88
    MINUS     shift, and go to state 89
    STAR      shift, and go to state 90
    DIV       shift, and go to state 91
    AND       shift, and go to state 92
    OR        shift, and go to state 93
    RP        shift, and go to state 123
    LB        shift, and go to state 94
    ASSIGNOP  shift, and go to state 95
    RELOP     shift, and go to state 96
    DOT       shift, and go to state 97


State 106

   44 Stmt: WHILE LP error . RP Stmt

    RP  shift, and go to state 124


State 107

   38 Stmt: WHILE LP Exp . RP Stmt
   54 Exp: Exp . ASSIGNOP Exp
   55    | Exp . AND Exp
   56    | Exp . OR Exp
   57    | Exp . RELOP Exp
   58    | Exp . PLUS Exp
   59    | Exp . MINUS Exp
   60    | Exp . STAR Exp
   61    | Exp . DIV Exp
   67    | Exp . LB Exp RB
   68    | Exp . DOT ID

    PLUS      shift, and go to state 88
    MINUS     shift, and go to state 89
    STAR      shift, and go to state 90
    DIV       shift, and go to state 91
    AND       shift, and go to state 92
    OR        shift, and go to state 93
    RP        shift, and go to state 125
    LB        shift, and go to state 94
    ASSIGNOP  shift, and go to state 95
    RELOP     shift, and go to state 96
    DOT       shift, and go to state 97


State 108

   72 Exp: ID LP error . RP

    RP  shift, and go to state 126


State 109

   66 Exp: ID LP RP .

    $default  reduce using rule 66 (Exp)


State 110

   54 Exp: Exp . ASSIGNOP Exp
   55    | Exp . AND Exp
   56    | Exp . OR Exp
   57    | Exp . RELOP Exp
   58    | Exp . PLUS Exp
   59    | Exp . MINUS Exp
   60    | Exp . STAR Exp
   61    | Exp . DIV Exp
   67    | Exp . LB Exp RB
   68    | Exp . DOT ID
   73 Args: Exp . COMMA Args
   74     | Exp .

    PLUS      shift, and go to state 88
    MINUS     shift, and go to state 89
    STAR      shift, and go to state 90
    DIV       shift, and go to state 91
    AND       shift, and go to state 92
    OR        shift, and go to state 93
    LB        shift, and go to state 94
    ASSIGNOP  shift, and go to state 95
    RELOP     shift, and go to state 96
    DOT       shift, and go to state 97
    COMMA     shift, and go to state 127

    $default  reduce using rule 74 (Args)


State 111

   65 Exp: ID LP Args . RP

    RP  shift, and go to state 128


State 112

   54 Exp: Exp . ASSIGNOP Exp
   55    | Exp . AND Exp
   56    | Exp . OR Exp
   57    | Exp . RELOP Exp
   58    | Exp . PLUS Exp
   58    | Exp PLUS Exp .
   59    | Exp . MINUS Exp
   60    | Exp . STAR Exp
   61    | Exp . DIV Exp
   67    | Exp . LB Exp RB
   68    | Exp . DOT ID

    STAR  shift, and go to state 90
    DIV   shift, and go to state 91
    LB    shift, and go to state 94
    DOT   shift, and go to state 97

    $default  reduce using rule 58 (Exp)


State 113

   54 Exp: Exp . ASSIGNOP Exp
   55    | Exp . AND Exp
   56    | Exp . OR Exp
   57    | Exp . RELOP Exp
   58    | Exp . PLUS Exp
   59    | Exp . MINUS Exp
   59    | Exp MINUS Exp .
   60    | Exp . STAR Exp
   61    | Exp . DIV Exp
   67    | Exp . LB Exp RB
   68    | Exp . DOT ID

    STAR  shift, and go to state 90
    DIV   shift, and go to state 91
    LB    shift, and go to state 94
    DOT   shift, and go to state 97

    $default  reduce using rule 59 (Exp)


State 114

   54 Exp: Exp . ASSIGNOP Exp
   55    | Exp . AND Exp
   56    | Exp . OR Exp
   57    | Exp . RELOP Exp
   58    | Exp . PLUS Exp
   59    | Exp . MINUS Exp
   60    | Exp . STAR Exp
   60    | Exp STAR Exp .
   61    | Exp . DIV Exp
   67    | Exp . LB Exp RB
   68    | Exp . DOT ID

    LB   shift, and go to state 94
    DOT  shift, and go to state 97

    $default  reduce using rule 60 (Exp)


State 115

   54 Exp: Exp . ASSIGNOP Exp
   55    | Exp . AND Exp
   56    | Exp . OR Exp
   57    | Exp . RELOP Exp
   58    | Exp . PLUS Exp
   59    | Exp . MINUS Exp
   60    | Exp . STAR Exp
   61    | Exp . DIV Exp
   61    | Exp DIV Exp .
   67    | Exp . LB Exp RB
   68    | Exp . DOT ID

    LB   shift, and go to state 94
    DOT  shift, and go to state 97

    $default  reduce using rule 61 (Exp)


State 116

   54 Exp: Exp . ASSIGNOP Exp
   55    | Exp . AND Exp
   55    | Exp AND Exp .
   56    | Exp . OR Exp
   57    | Exp . RELOP Exp
   58    | Exp . PLUS Exp
   59    | Exp . MINUS Exp
   60    | Exp . STAR Exp
   61    | Exp . DIV Exp
   67    | Exp . LB Exp RB
   68    | Exp . DOT ID

    PLUS   shift, and go to state 88
    MINUS  shift, and go to state 89
    STAR   shift, and go to state 90
    DIV    shift, and go to state 91
    LB     shift, and go to state 94
    RELOP  shift, and go to state 96
    DOT    shift, and go to state 97

    $default  reduce using rule 55 (Exp)


State 117

   54 Exp: Exp . ASSIGNOP Exp
   55    | Exp . AND Exp
   56    | Exp . OR Exp
   56    | Exp OR Exp .
   57    | Exp . RELOP Exp
   58    | Exp . PLUS Exp
   59    | Exp . MINUS Exp
   60    | Exp . STAR Exp
   61    | Exp . DIV Exp
   67    | Exp . LB Exp RB
   68    | Exp . DOT ID

    PLUS   shift, and go to state 88
    MINUS  shift, and go to state 89
    STAR   shift, and go to state 90
    DIV    shift, and go to state 91
    AND    shift, and go to state 92
    LB     shift, and go to state 94
    RELOP  shift, and go to state 96
    DOT    shift, and go to state 97

    $default  reduce using rule 56 (Exp)


State 118

   54 Exp: Exp . ASSIGNOP Exp
   55    | Exp . AND Exp
   56    | Exp . OR Exp
   57    | Exp . RELOP Exp
   58    | Exp . PLUS Exp
   59    | Exp . MINUS Exp
   60    | Exp . STAR Exp
   61    | Exp . DIV Exp
   67    | Exp . LB Exp RB
   67    | Exp LB Exp . RB
   68    | Exp . DOT ID

    PLUS      shift, and go to state 88
    MINUS     shift, and go to state 89
    STAR      shift, and go to state 90
    DIV       shift, and go to state 91
    AND       shift, and go to state 92
    OR        shift, and go to state 93
    LB        shift, and go to state 94
    RB        shift, and go to state 129
    ASSIGNOP  shift, and go to state 95
    RELOP     shift, and go to state 96
    DOT       shift, and go to state 97


State 119

   54 Exp: Exp . ASSIGNOP Exp
   54    | Exp ASSIGNOP Exp .
   55    | Exp . AND Exp
   56    | Exp . OR Exp
   57    | Exp . RELOP Exp
   58    | Exp . PLUS Exp
   59    | Exp . MINUS Exp
   60    | Exp . STAR Exp
   61    | Exp . DIV Exp
   67    | Exp . LB Exp RB
   68    | Exp . DOT ID

    PLUS      shift, and go to state 88
    MINUS     shift, and go to state 89
    STAR      shift, and go to state 90
    DIV       shift, and go to state 91
    AND       shift, and go to state 92
    OR        shift, and go to state 93
    LB        shift, and go to state 94
    ASSIGNOP  shift, and go to state 95
    RELOP     shift, and go to state 96
    DOT       shift, and go to state 97

    $default  reduce using rule 54 (Exp)


State 120

   54 Exp: Exp . ASSIGNOP Exp
   55    | Exp . AND Exp
   56    | Exp . OR Exp
   57    | Exp . RELOP Exp
   57    | Exp RELOP Exp .
   58    | Exp . PLUS Exp
   59    | Exp . MINUS Exp
   60    | Exp . STAR Exp
   61    | Exp . DIV Exp
   67    | Exp . LB Exp RB
   68    | Exp . DOT ID

    PLUS   shift, and go to state 88
    MINUS  shift, and go to state 89
    STAR   shift, and go to state 90
    DIV    shift, and go to state 91
    LB     shift, and go to state 94
    DOT    shift, and go to state 97

    $default  reduce using rule 57 (Exp)


State 121

   68 Exp: Exp DOT ID .

    $default  reduce using rule 68 (Exp)


State 122

   42 Stmt: IF LP error RP . Stmt
   43     | IF LP error RP . Stmt ELSE Stmt

    error   shift, and go to state 57
    INT     shift, and go to state 58
    FLOAT   shift, and go to state 59
    MINUS   shift, and go to state 60
    NOT     shift, and go to state 61
    LP      shift, and go to state 62
    LC      shift, and go to state 27
    RETURN  shift, and go to state 63
    IF      shift, and go to state 64
    WHILE   shift, and go to state 65
    ID      shift, and go to state 66

    CompSt  go to state 67
    Stmt    go to state 130
    Exp     go to state 70


State 123

   36 Stmt: IF LP Exp RP . Stmt
   37     | IF LP Exp RP . Stmt ELSE Stmt

    error   shift, and go to state 57
    INT     shift, and go to state 58
    FLOAT   shift, and go to state 59
    MINUS   shift, and go to state 60
    NOT     shift, and go to state 61
    LP      shift, and go to state 62
    LC      shift, and go to state 27
    RETURN  shift, and go to state 63
    IF      shift, and go to state 64
    WHILE   shift, and go to state 65
    ID      shift, and go to state 66

    CompSt  go to state 67
    Stmt    go to state 131
    Exp     go to state 70


State 124

   44 Stmt: WHILE LP error RP . Stmt

    error   shift, and go to state 57
    INT     shift, and go to state 58
    FLOAT   shift, and go to state 59
    MINUS   shift, and go to state 60
    NOT     shift, and go to state 61
    LP      shift, and go to state 62
    LC      shift, and go to state 27
    RETURN  shift, and go to state 63
    IF      shift, and go to state 64
    WHILE   shift, and go to state 65
    ID      shift, and go to state 66

    CompSt  go to state 67
    Stmt    go to state 132
    Exp     go to state 70


State 125

   38 Stmt: WHILE LP Exp RP . Stmt

    error   shift, and go to state 57
    INT     shift, and go to state 58
    FLOAT   shift, and go to state 59
    MINUS   shift, and go to state 60
    NOT     shift, and go to state 61
    LP      shift, and go to state 62
    LC      shift, and go to state 27
    RETURN  shift, and go to state 63
    IF      shift, and go to state 64
    WHILE   shift, and go to state 65
    ID      shift, and go to state 66

    CompSt  go to state 67
    Stmt    go to state 133
    Exp     go to state 70


State 126

   72 Exp: ID LP error RP .

    $default  reduce using rule 72 (Exp)


State 127

   73 Args: Exp COMMA . Args

    INT    shift, and go to state 58
    FLOAT  shift, and go to state 59
    MINUS  shift, and go to state 60
    NOT    shift, and go to state 61
    LP     shift, and go to state 62
    ID     shift, and go to state 66

    Exp   go to state 110
    Args  go to state 134


State 128

   65 Exp: ID LP Args RP .

    $default  reduce using rule 65 (Exp)


State 129

   67 Exp: Exp LB Exp RB .

    $default  reduce using rule 67 (Exp)


State 130

   42 Stmt: IF LP error RP Stmt .
   43     | IF LP error RP Stmt . ELSE Stmt

    ELSE  shift, and go to state 135

    $default  reduce using rule 42 (Stmt)


State 131

   36 Stmt: IF LP Exp RP Stmt .
   37     | IF LP Exp RP Stmt . ELSE Stmt

    ELSE  shift, and go to state 136

    $default  reduce using rule 36 (Stmt)


State 132

   44 Stmt: WHILE LP error RP Stmt .

    $default  reduce using rule 44 (Stmt)


State 133

   38 Stmt: WHILE LP Exp RP Stmt .

    $default  reduce using rule 38 (Stmt)


State 134

   73 Args: Exp COMMA Args .

    $default  reduce using rule 73 (Args)


State 135

   43 Stmt: IF LP error RP Stmt ELSE . Stmt

    error   shift, and go to state 57
    INT     shift, and go to state 58
    FLOAT   shift, and go to state 59
    MINUS   shift, and go to state 60
    NOT     shift, and go to state 61
    LP      shift, and go to state 62
    LC      shift, and go to state 27
    RETURN  shift, and go to state 63
    IF      shift, and go to state 64
    WHILE   shift, and go to state 65
    ID      shift, and go to state 66

    CompSt  go to state 67
    Stmt    go to state 137
    Exp     go to state 70


State 136

   37 Stmt: IF LP Exp RP Stmt ELSE . Stmt

    error   shift, and go to state 57
    INT     shift, and go to state 58
    FLOAT   shift, and go to state 59
    MINUS   shift, and go to state 60
    NOT     shift, and go to state 61
    LP      shift, and go to state 62
    LC      shift, and go to state 27
    RETURN  shift, and go to state 63
    IF      shift, and go to state 64
    WHILE   shift, and go to state 65
    ID      shift, and go to state 66

    CompSt  go to state 67
    Stmt    go to state 138
    Exp     go to state 70


State 137

   43 Stmt: IF LP error RP Stmt ELSE Stmt .

    $default  reduce using rule 43 (Stmt)


State 138

   37 Stmt: IF LP Exp RP Stmt ELSE Stmt .

    $default  reduce using rule 37 (Stmt)
