Grammar

    0 $accept: Exp $end

    1 Exp: INT


Terminals, with rules where they appear

$end (0) 0
error (256)
INT (258) 1


Nonterminals, with rules where they appear

$accept (4)
    on left: 0
Exp (5)
    on left: 1, on right: 0


State 0

    0 $accept: . Exp $end

    INT  shift, and go to state 1

    Exp  go to state 2


State 1

    1 Exp: INT .

    $default  reduce using rule 1 (Exp)


State 2

    0 $accept: Exp . $end

    $end  shift, and go to state 3


State 3

    0 $accept: Exp $end .

    $default  accept
